[+] Containers:
 |- [+] Container: /Game/FirstPerson/Maps/FirstPersonMap
 |   |- [+] ActorDescs:
 |   |   |- Guid:1DFD20944BD48A38E4817DB5FDE0C49D NativeClass:/Script/Engine.PointLight Name:PointLight_UAID_581122DF1FCF919402_1613062309 Label:PointLight4 SpatiallyLoaded:true EditorBounds:IsValid=true, Min=(X=445.033 Y=-680.055 Z=-720.000), Max=(X=2445.033 Y=1319.945 Z=1280.000) RuntimeBounds:IsValid=true, Min=(X=445.033 Y=-680.055 Z=-720.000), Max=(X=2445.033 Y=1319.945 Z=1280.000) RuntimeGrid:None EditorOnly:false RuntimeOnly:false HLODRelevant:false ListedInSceneOutliner:true IsMainWorldOnly:false
 |   |   |- Guid:2D29C7DB44D67F9031A729914B489F7B NativeClass:/Script/Engine.StaticMeshActor Name:StaticMeshActor_UAID_04421A04EABF389702_2080162808 Label:Box SpatiallyLoaded:true EditorBounds:IsValid=true, Min=(X=1645.000 Y=760.401 Z=-1.916), Max=(X=1745.000 Y=778.475 Z=98.084) RuntimeBounds:IsValid=true, Min=(X=1645.000 Y=760.401 Z=-1.916), Max=(X=1745.000 Y=778.475 Z=98.084) RuntimeGrid:None EditorOnly:false RuntimeOnly:false HLODRelevant:true ListedInSceneOutliner:true IsMainWorldOnly:false
 |   |   |- Guid:42A5B4B24BE60FDA12E214BBA0ED4126 NativeClass:/Script/Engine.PointLight Name:PointLight_UAID_04421A04EABFD29002_1338609521 Label:PointLight SpatiallyLoaded:true EditorBounds:IsValid=true, Min=(X=-590.000 Y=990.000 Z=-720.000), Max=(X=1410.000 Y=2990.000 Z=1280.000) RuntimeBounds:IsValid=true, Min=(X=-590.000 Y=990.000 Z=-720.000), Max=(X=1410.000 Y=2990.000 Z=1280.000) RuntimeGrid:None EditorOnly:false RuntimeOnly:false HLODRelevant:false ListedInSceneOutliner:true IsMainWorldOnly:false
 |   |   |- Guid:455B95D5425AA1F57530D89FD74B2800 NativeClass:/Script/Engine.PointLight Name:PointLight_UAID_581122DF1FCF4B9902_1423867263 Label:PointLight5 SpatiallyLoaded:true EditorBounds:IsValid=true, Min=(X=445.033 Y=1026.251 Z=-720.000), Max=(X=2445.033 Y=3026.251 Z=1280.000) RuntimeBounds:IsValid=true, Min=(X=445.033 Y=1026.251 Z=-720.000), Max=(X=2445.033 Y=3026.251 Z=1280.000) RuntimeGrid:None EditorOnly:false RuntimeOnly:false HLODRelevant:false ListedInSceneOutliner:true IsMainWorldOnly:false
 |   |   |- Guid:49E289654ECFB4AC09A1E9A8C7AE21A9 NativeClass:/Script/Engine.StaticMeshActor Name:StaticMeshActor_UAID_04421A04EABF389702_2131058811 Label:Box4 SpatiallyLoaded:true EditorBounds:IsValid=true, Min=(X=1645.402 Y=755.819 Z=95.194), Max=(X=1745.402 Y=876.344 Z=113.269) RuntimeBounds:IsValid=true, Min=(X=1645.402 Y=755.819 Z=95.194), Max=(X=1745.402 Y=876.344 Z=113.269) RuntimeGrid:None EditorOnly:false RuntimeOnly:false HLODRelevant:true ListedInSceneOutliner:true IsMainWorldOnly:false
 |   |   |- Guid:53561E5845BA9BE121E4A09C30FD581E NativeClass:/Script/NavigationSystem.RecastNavMesh Name:RecastNavMesh_UAID_581122DF1FCF309F02-Default Label:RecastNavMesh-Default SpatiallyLoaded:false EditorBounds:IsValid=true, Min=(X=0.000 Y=0.000 Z=0.000), Max=(X=0.000 Y=0.000 Z=0.000) RuntimeBounds:IsValid=true, Min=(X=0.000 Y=0.000 Z=0.000), Max=(X=0.000 Y=0.000 Z=0.000) RuntimeGrid:None EditorOnly:false RuntimeOnly:false HLODRelevant:false ListedInSceneOutliner:true IsMainWorldOnly:false
 |   |   |- Guid:554ED9CD42049B3F06B20BB8DBE21E10 BaseClass:/Game/ActersInteragir/Items/Bouteilles/BP_Bouteille2.BP_Bouteille2_C NativeClass:/Script/Engine.Actor Name:BP_ObjetRamassableBase_Child3_C_UAID_581122DF1FCF879402_1793307547 Label:BP_ObjetRamassableBase_Child3 SpatiallyLoaded:true EditorBounds:IsValid=true, Min=(X=226.464 Y=990.852 Z=-2.394), Max=(X=241.504 Y=1005.892 Z=46.805) RuntimeBounds:IsValid=true, Min=(X=226.464 Y=990.852 Z=-2.394), Max=(X=241.504 Y=1005.892 Z=46.805) RuntimeGrid:None EditorOnly:false RuntimeOnly:false HLODRelevant:false ListedInSceneOutliner:true IsMainWorldOnly:false
 |   |   |- Guid:59B8F7F34A1F946265C70E97F130DF0F BaseClass:/Game/ActersInteragir/BP_LampeTorche.BP_LampeTorche_C NativeClass:/Script/Engine.Actor Name:BP_LampeTorche_C_UAID_04421A04EABFC69102_1080194463 Label:BP_LampeTorche SpatiallyLoaded:true EditorBounds:IsValid=true, Min=(X=1013.961 Y=1382.093 Z=0.000), Max=(X=1026.039 Y=1394.170 Z=60.375) RuntimeBounds:IsValid=true, Min=(X=1013.961 Y=1382.093 Z=0.000), Max=(X=1026.039 Y=1394.170 Z=60.375) RuntimeGrid:None EditorOnly:false RuntimeOnly:false HLODRelevant:false ListedInSceneOutliner:true IsMainWorldOnly:false
 |   |   |- Guid:5A4E75A340C4D618840C09A78F509A57 NativeClass:/Script/Engine.PointLight Name:PointLight_UAID_581122DF1FCF919402_1609486308 Label:PointLight3 SpatiallyLoaded:true EditorBounds:IsValid=true, Min=(X=445.033 Y=138.459 Z=-720.000), Max=(X=2445.033 Y=2138.459 Z=1280.000) RuntimeBounds:IsValid=true, Min=(X=445.033 Y=138.459 Z=-720.000), Max=(X=2445.033 Y=2138.459 Z=1280.000) RuntimeGrid:None EditorOnly:false RuntimeOnly:false HLODRelevant:false ListedInSceneOutliner:true IsMainWorldOnly:false
 |   |   |- Guid:5FE7584649BB6F09265329A6C57CFD0D NativeClass:/Script/Engine.VolumetricCloud Name:VolumetricCloud_0 Label:VolumetricCloud SpatiallyLoaded:false EditorBounds:IsValid=true, Min=(X=0.000 Y=0.000 Z=820.000), Max=(X=0.000 Y=0.000 Z=820.000) RuntimeBounds:IsValid=true, Min=(X=0.000 Y=0.000 Z=820.000), Max=(X=0.000 Y=0.000 Z=820.000) RuntimeGrid:None EditorOnly:false RuntimeOnly:false HLODRelevant:false ListedInSceneOutliner:true IsMainWorldOnly:false FolderPath:Lighting FolderGuid:0BA5F0A04EADB18E70D5B180D08FA34B
 |   |   |- Guid:61391D344900612A77DFC3BA3E354907 NativeClass:/Script/Engine.ExponentialHeightFog Name:ExponentialHeightFog_0 Label:ExponentialHeightFog SpatiallyLoaded:false EditorBounds:IsValid=true, Min=(X=-5728.000 Y=-178.000 Z=-6978.000), Max=(X=-5472.000 Y=78.000 Z=-6722.000) RuntimeBounds:IsValid=true, Min=(X=-5600.000 Y=-50.000 Z=-6850.000), Max=(X=-5600.000 Y=-50.000 Z=-6850.000) RuntimeGrid:None EditorOnly:false RuntimeOnly:false HLODRelevant:false ListedInSceneOutliner:true IsMainWorldOnly:false FolderPath:Lighting FolderGuid:0BA5F0A04EADB18E70D5B180D08FA34B
 |   |   |- Guid:639D3A07468520171E256AADA899F401 NativeClass:/Script/Engine.StaticMeshActor Name:StaticMeshActor_UAID_04421A04EABF389702_2082088809 Label:Box2 SpatiallyLoaded:true EditorBounds:IsValid=true, Min=(X=1645.000 Y=856.346 Z=-1.916), Max=(X=1745.000 Y=874.421 Z=98.084) RuntimeBounds:IsValid=true, Min=(X=1645.000 Y=856.346 Z=-1.916), Max=(X=1745.000 Y=874.421 Z=98.084) RuntimeGrid:None EditorOnly:false RuntimeOnly:false HLODRelevant:true ListedInSceneOutliner:true IsMainWorldOnly:false
 |   |   |- Guid:64C0E3E94568755FDE7D97856C3073FB NativeClass:/Script/Engine.PointLight Name:PointLight_UAID_04421A04EABFC79102_1835708911 Label:PointLight2 SpatiallyLoaded:true EditorBounds:IsValid=true, Min=(X=-590.000 Y=138.459 Z=-720.000), Max=(X=1410.000 Y=2138.459 Z=1280.000) RuntimeBounds:IsValid=true, Min=(X=-590.000 Y=138.459 Z=-720.000), Max=(X=1410.000 Y=2138.459 Z=1280.000) RuntimeGrid:None EditorOnly:false RuntimeOnly:false HLODRelevant:false ListedInSceneOutliner:true IsMainWorldOnly:false
 |   |   |- Guid:6BD52C0147BDB06D9B56D8A0CD36685C BaseClass:/Game/ENNEMY/maestro/BP_Maestro.BP_Maestro_C NativeClass:/Script/Engine.Character Name:BP_EnnemyBase_C_UAID_04421A04EABF109902_2123010882 Label:BP_EnnemyBase SpatiallyLoaded:true EditorBounds:IsValid=true, Min=(X=779.856 Y=396.168 Z=-830.768), Max=(X=2799.856 Y=2416.168 Z=1189.232) RuntimeBounds:IsValid=true, Min=(X=1502.814 Y=1237.890 Z=-12.397), Max=(X=2030.329 Y=1572.922 Z=394.026) RuntimeGrid:None EditorOnly:false RuntimeOnly:false HLODRelevant:false ListedInSceneOutliner:true IsMainWorldOnly:false
 |   |   |- Guid:6D1014FF45A9CD29EE2CCC9DF9CE14D2 NativeClass:/Script/Engine.StaticMeshActor Name:StaticMeshActor_UAID_581122DF1FCF419F02_1244159840 Label:Blockinf_map_1V2 SpatiallyLoaded:true EditorBounds:IsValid=true, Min=(X=-1209.364 Y=-2237.880 Z=-7.035), Max=(X=5911.430 Y=6583.242 Z=243.234) RuntimeBounds:IsValid=true, Min=(X=-1209.364 Y=-2237.880 Z=-7.035), Max=(X=5911.430 Y=6583.242 Z=243.234) RuntimeGrid:None EditorOnly:false RuntimeOnly:false HLODRelevant:true ListedInSceneOutliner:true IsMainWorldOnly:false
 |   |   |- Guid:6FEFB3BD4EB37B849EF0D4AC80F83855 NativeClass:/Script/Engine.WorldDataLayers Name:WorldDataLayers Label:WorldDataLayers SpatiallyLoaded:false EditorBounds:IsValid=true, Min=(X=0.000 Y=0.000 Z=0.000), Max=(X=0.000 Y=0.000 Z=0.000) RuntimeBounds:IsValid=true, Min=(X=0.000 Y=0.000 Z=0.000), Max=(X=0.000 Y=0.000 Z=0.000) RuntimeGrid:None EditorOnly:false RuntimeOnly:false HLODRelevant:false ListedInSceneOutliner:true IsMainWorldOnly:true
 |   |   |- Guid:78CAF7514C7533F30BD2F19A017AAB65 NativeClass:/Script/Engine.StaticMeshActor Name:StaticMeshActor_0 Label:SM_Cube SpatiallyLoaded:true EditorBounds:IsValid=true, Min=(X=-1850.915 Y=-2898.194 Z=-60.322), Max=(X=6939.520 Y=8182.647 Z=-5.660) RuntimeBounds:IsValid=true, Min=(X=-1850.915 Y=-2898.194 Z=-60.322), Max=(X=6939.520 Y=8182.647 Z=-5.660) RuntimeGrid:None EditorOnly:false RuntimeOnly:false HLODRelevant:true ListedInSceneOutliner:true IsMainWorldOnly:false FolderPath:Playground FolderGuid:6C02BB504B69D1F3D7A624B130C18E5B
 |   |   |- Guid:7E126E7C41325F575703C6B6E225643E BaseClass:/Game/ActersInteragir/Items/BP_ObjetRamassableBase.BP_ObjetRamassableBase_C NativeClass:/Script/Engine.Actor Name:BP_ObjetRamassableBase_C_UAID_581122DF1FCFF99802_1096175849 Label:BP_ObjetRamassableBase2 SpatiallyLoaded:true EditorBounds:IsValid=true, Min=(X=1673.384 Y=791.401 Z=30.328), Max=(X=1690.007 Y=798.423 Z=65.083) RuntimeBounds:IsValid=true, Min=(X=1673.384 Y=791.401 Z=30.328), Max=(X=1690.007 Y=798.423 Z=65.083) RuntimeGrid:None EditorOnly:false RuntimeOnly:false HLODRelevant:false ListedInSceneOutliner:true IsMainWorldOnly:false
 |   |   |- Guid:8281EE5D446A22A7DB3A9F97E6389D76 BaseClass:/Game/ActersInteragir/Tiroirs/BP_TiroirBase.BP_TiroirBase_C NativeClass:/Script/Engine.Actor Name:BP_TiroirBase_C_UAID_04421A04EABF399702_1594062997 Label:BP_TiroirBase SpatiallyLoaded:true EditorBounds:IsValid=true, Min=(X=1639.314 Y=774.023 Z=-37.421), Max=(X=1721.433 Y=858.756 Z=172.579) RuntimeBounds:IsValid=true, Min=(X=1639.314 Y=774.023 Z=12.820), Max=(X=1721.433 Y=858.756 Z=172.579) RuntimeGrid:None EditorOnly:false RuntimeOnly:false HLODRelevant:false ListedInSceneOutliner:true IsMainWorldOnly:false
 |   |   |- Guid:8C27E94147C707C8EEB80982EA1C023B BaseClass:/Game/ActersInteragir/Portes/BP_PorteBase.BP_PorteBase_C NativeClass:/Script/Engine.Actor Name:BP_PorteBase_C_UAID_581122DF1FCF8E9A02_1782381113 Label:BP_PorteBase SpatiallyLoaded:true EditorBounds:IsValid=true, Min=(X=653.992 Y=-1179.455 Z=-909.337), Max=(X=2678.162 Y=920.437 Z=1110.663) RuntimeBounds:IsValid=true, Min=(X=1425.360 Y=-281.828 Z=4.663), Max=(X=1906.793 Y=22.811 Z=273.192) RuntimeGrid:None EditorOnly:false RuntimeOnly:false HLODRelevant:false ListedInSceneOutliner:true IsMainWorldOnly:false
 |   |   |- Guid:9170E881434B1B470379D4988499C1A4 BaseClass:/Game/ActersInteragir/Items/Bouteilles/BP_Bouteille2.BP_Bouteille2_C NativeClass:/Script/Engine.Actor Name:BP_ObjetRamassableBase_Child3_C_UAID_04421A04EABFB49E02_1454274024 Label:BP_ObjetRamassableBase_Child4 SpatiallyLoaded:true EditorBounds:IsValid=true, Min=(X=225.529 Y=1117.716 Z=-2.394), Max=(X=240.569 Y=1132.756 Z=46.805) RuntimeBounds:IsValid=true, Min=(X=225.529 Y=1117.716 Z=-2.394), Max=(X=240.569 Y=1132.756 Z=46.805) RuntimeGrid:None EditorOnly:false RuntimeOnly:false HLODRelevant:false ListedInSceneOutliner:true IsMainWorldOnly:false
 |   |   |- Guid:A354B1B24E617A525DC6B48CCDE2417E NativeClass:/Script/Engine.PlayerStart Name:PlayerStart_0 Label:PlayerStart SpatiallyLoaded:false EditorBounds:IsValid=true, Min=(X=90.634 Y=617.546 Z=-49.764), Max=(X=418.077 Y=989.720 Z=206.236) RuntimeBounds:IsValid=true, Min=(X=163.182 Y=690.093 Z=-13.764), Max=(X=274.087 Y=800.998 Z=170.236) RuntimeGrid:None EditorOnly:false RuntimeOnly:false HLODRelevant:false ListedInSceneOutliner:true IsMainWorldOnly:false
 |   |   |- Guid:B2CFB042430B7F728B3989B411D93D49 BaseClass:/Game/ActersInteragir/cachettes/BP_CachetteBase.BP_CachetteBase_C NativeClass:/Script/Engine.Actor Name:BP_CachetteBase_C_UAID_581122DF1FCF8F9A02_1436250290 Label:BP_CachetteBase SpatiallyLoaded:true EditorBounds:IsValid=true, Min=(X=1126.553 Y=1567.861 Z=4.663), Max=(X=1757.953 Y=1744.315 Z=349.844) RuntimeBounds:IsValid=true, Min=(X=1126.553 Y=1567.861 Z=4.663), Max=(X=1757.953 Y=1744.315 Z=349.844) RuntimeGrid:None EditorOnly:false RuntimeOnly:false HLODRelevant:false ListedInSceneOutliner:true IsMainWorldOnly:false
 |   |   |- Guid:B46FF473473F6132299F749442FAF9AE BaseClass:/Game/ActersInteragir/Items/Bouteilles/BP_Bouteille2.BP_Bouteille2_C NativeClass:/Script/Engine.Actor Name:BP_ObjetRamassableBase_Child3_C_UAID_04421A04EABFB49E02_1455691025 Label:BP_ObjetRamassableBase_Child5 SpatiallyLoaded:true EditorBounds:IsValid=true, Min=(X=225.529 Y=1265.355 Z=-2.394), Max=(X=240.569 Y=1280.395 Z=46.805) RuntimeBounds:IsValid=true, Min=(X=225.529 Y=1265.355 Z=-2.394), Max=(X=240.569 Y=1280.395 Z=46.805) RuntimeGrid:None EditorOnly:false RuntimeOnly:false HLODRelevant:false ListedInSceneOutliner:true IsMainWorldOnly:false
 |   |   |- Guid:BD44C7214918983D525BE5A02E425ACA NativeClass:/Script/Engine.StaticMeshActor Name:StaticMeshActor_UAID_04421A04EABF389702_2110495810 Label:Box3 SpatiallyLoaded:true EditorBounds:IsValid=true, Min=(X=1645.409 Y=765.589 Z=-0.000), Max=(X=1745.409 Y=869.039 Z=65.850) RuntimeBounds:IsValid=true, Min=(X=1645.409 Y=765.589 Z=-0.000), Max=(X=1745.409 Y=869.039 Z=65.850) RuntimeGrid:None EditorOnly:false RuntimeOnly:false HLODRelevant:true ListedInSceneOutliner:true IsMainWorldOnly:false
 |   |   |- Guid:C0C56B9644AE3D40CAFF6A878DB29844 NativeClass:/Script/Engine.StaticMeshActor Name:StaticMeshActor_UAID_A4AE111137DC5EFB00_2001720423 Label:SM_SkySphere SpatiallyLoaded:false EditorBounds:IsValid=true, Min=(X=-1638400.000 Y=-1638400.000 Z=-1638400.000), Max=(X=1638400.000 Y=1638400.000 Z=1638400.000) RuntimeBounds:IsValid=true, Min=(X=-1638400.000 Y=-1638400.000 Z=-1638400.000), Max=(X=1638400.000 Y=1638400.000 Z=1638400.000) RuntimeGrid:None EditorOnly:false RuntimeOnly:false HLODRelevant:true ListedInSceneOutliner:true IsMainWorldOnly:false FolderPath:Lighting FolderGuid:0BA5F0A04EADB18E70D5B180D08FA34B
 |   |   |- Guid:C22CE07C4B87D685137FDBBC10FC92C6 NativeClass:/Script/Engine.SkyAtmosphere Name:SkyAtmosphere_0 Label:SkyAtmosphere SpatiallyLoaded:false EditorBounds:IsValid=true, Min=(X=0.000 Y=0.000 Z=1020.000), Max=(X=0.000 Y=0.000 Z=1020.000) RuntimeBounds:IsValid=true, Min=(X=0.000 Y=0.000 Z=1020.000), Max=(X=0.000 Y=0.000 Z=1020.000) RuntimeGrid:None EditorOnly:false RuntimeOnly:false HLODRelevant:false ListedInSceneOutliner:true IsMainWorldOnly:false FolderPath:Lighting FolderGuid:0BA5F0A04EADB18E70D5B180D08FA34B
 |   |   |- Guid:C74CAFDC45DA2E8DF9AFEA86C266A006 BaseClass:/Game/Decor/SolBruyant/BP_SolBruyantBase.BP_SolBruyantBase_C NativeClass:/Script/Engine.Actor Name:BP_SolBruyantBase_C_UAID_04421A04EABF849502_1838777071 Label:BP_SolBruyantBase SpatiallyLoaded:true EditorBounds:IsValid=true, Min=(X=1088.928 Y=1165.053 Z=-17.929), Max=(X=1491.992 Y=1567.312 Z=3.906) RuntimeBounds:IsValid=true, Min=(X=1088.928 Y=1165.053 Z=-17.929), Max=(X=1491.992 Y=1567.312 Z=3.906) RuntimeGrid:None EditorOnly:false RuntimeOnly:false HLODRelevant:false ListedInSceneOutliner:true IsMainWorldOnly:false
 |   |   |- Guid:CE8D82634660FCDB3120E2B8D547C533 NativeClass:/Script/Engine.PostProcessVolume Name:PostProcessVolume_0 Label:PostProcessVolume SpatiallyLoaded:false EditorBounds:IsValid=true, Min=(X=0.000 Y=0.000 Z=400.000), Max=(X=200.000 Y=200.000 Z=600.000) RuntimeBounds:IsValid=true, Min=(X=0.000 Y=0.000 Z=400.000), Max=(X=200.000 Y=200.000 Z=600.000) RuntimeGrid:None EditorOnly:false RuntimeOnly:false HLODRelevant:false ListedInSceneOutliner:true IsMainWorldOnly:false FolderPath:Lighting FolderGuid:0BA5F0A04EADB18E70D5B180D08FA34B
 |   |   |- Guid:FEBB7C08443D5FD25C19ED9E7235F71E NativeClass:/Script/NavigationSystem.NavMeshBoundsVolume Name:NavMeshBoundsVolume_UAID_581122DF1FCF4E9902_2088387794 Label:NavMeshBoundsVolume SpatiallyLoaded:false EditorBounds:IsValid=true, Min=(X=-1851.722 Y=-3329.841 Z=-1970.108), Max=(X=7147.298 Y=8213.927 Z=2029.892) RuntimeBounds:IsValid=true, Min=(X=-1851.722 Y=-3329.841 Z=-1970.108), Max=(X=7147.298 Y=8213.927 Z=2029.892) RuntimeGrid:None EditorOnly:false RuntimeOnly:false HLODRelevant:false ListedInSceneOutliner:true IsMainWorldOnly:false
 |   |- [+] Clusters:
 |   |   |- [+] [  0]
 |   |   |   |- Guid:1DFD20944BD48A38E4817DB5FDE0C49D NativeClass:/Script/Engine.PointLight Name:PointLight_UAID_581122DF1FCF919402_1613062309 Label:PointLight4 SpatiallyLoaded:true EditorBounds:IsValid=true, Min=(X=445.033 Y=-680.055 Z=-720.000), Max=(X=2445.033 Y=1319.945 Z=1280.000) RuntimeBounds:IsValid=true, Min=(X=445.033 Y=-680.055 Z=-720.000), Max=(X=2445.033 Y=1319.945 Z=1280.000) RuntimeGrid:None EditorOnly:false RuntimeOnly:false HLODRelevant:false ListedInSceneOutliner:true IsMainWorldOnly:false
 |   |   |- [+] [  1]
 |   |   |   |- Guid:2D29C7DB44D67F9031A729914B489F7B NativeClass:/Script/Engine.StaticMeshActor Name:StaticMeshActor_UAID_04421A04EABF389702_2080162808 Label:Box SpatiallyLoaded:true EditorBounds:IsValid=true, Min=(X=1645.000 Y=760.401 Z=-1.916), Max=(X=1745.000 Y=778.475 Z=98.084) RuntimeBounds:IsValid=true, Min=(X=1645.000 Y=760.401 Z=-1.916), Max=(X=1745.000 Y=778.475 Z=98.084) RuntimeGrid:None EditorOnly:false RuntimeOnly:false HLODRelevant:true ListedInSceneOutliner:true IsMainWorldOnly:false
 |   |   |- [+] [  2]
 |   |   |   |- Guid:42A5B4B24BE60FDA12E214BBA0ED4126 NativeClass:/Script/Engine.PointLight Name:PointLight_UAID_04421A04EABFD29002_1338609521 Label:PointLight SpatiallyLoaded:true EditorBounds:IsValid=true, Min=(X=-590.000 Y=990.000 Z=-720.000), Max=(X=1410.000 Y=2990.000 Z=1280.000) RuntimeBounds:IsValid=true, Min=(X=-590.000 Y=990.000 Z=-720.000), Max=(X=1410.000 Y=2990.000 Z=1280.000) RuntimeGrid:None EditorOnly:false RuntimeOnly:false HLODRelevant:false ListedInSceneOutliner:true IsMainWorldOnly:false
 |   |   |- [+] [  3]
 |   |   |   |- Guid:455B95D5425AA1F57530D89FD74B2800 NativeClass:/Script/Engine.PointLight Name:PointLight_UAID_581122DF1FCF4B9902_1423867263 Label:PointLight5 SpatiallyLoaded:true EditorBounds:IsValid=true, Min=(X=445.033 Y=1026.251 Z=-720.000), Max=(X=2445.033 Y=3026.251 Z=1280.000) RuntimeBounds:IsValid=true, Min=(X=445.033 Y=1026.251 Z=-720.000), Max=(X=2445.033 Y=3026.251 Z=1280.000) RuntimeGrid:None EditorOnly:false RuntimeOnly:false HLODRelevant:false ListedInSceneOutliner:true IsMainWorldOnly:false
 |   |   |- [+] [  4]
 |   |   |   |- Guid:49E289654ECFB4AC09A1E9A8C7AE21A9 NativeClass:/Script/Engine.StaticMeshActor Name:StaticMeshActor_UAID_04421A04EABF389702_2131058811 Label:Box4 SpatiallyLoaded:true EditorBounds:IsValid=true, Min=(X=1645.402 Y=755.819 Z=95.194), Max=(X=1745.402 Y=876.344 Z=113.269) RuntimeBounds:IsValid=true, Min=(X=1645.402 Y=755.819 Z=95.194), Max=(X=1745.402 Y=876.344 Z=113.269) RuntimeGrid:None EditorOnly:false RuntimeOnly:false HLODRelevant:true ListedInSceneOutliner:true IsMainWorldOnly:false
 |   |   |- [+] [  5]
 |   |   |   |- Guid:53561E5845BA9BE121E4A09C30FD581E NativeClass:/Script/NavigationSystem.RecastNavMesh Name:RecastNavMesh_UAID_581122DF1FCF309F02-Default Label:RecastNavMesh-Default SpatiallyLoaded:false EditorBounds:IsValid=true, Min=(X=0.000 Y=0.000 Z=0.000), Max=(X=0.000 Y=0.000 Z=0.000) RuntimeBounds:IsValid=true, Min=(X=0.000 Y=0.000 Z=0.000), Max=(X=0.000 Y=0.000 Z=0.000) RuntimeGrid:None EditorOnly:false RuntimeOnly:false HLODRelevant:false ListedInSceneOutliner:true IsMainWorldOnly:false
 |   |   |- [+] [  6]
 |   |   |   |- Guid:554ED9CD42049B3F06B20BB8DBE21E10 BaseClass:/Game/ActersInteragir/Items/Bouteilles/BP_Bouteille2.BP_Bouteille2_C NativeClass:/Script/Engine.Actor Name:BP_ObjetRamassableBase_Child3_C_UAID_581122DF1FCF879402_1793307547 Label:BP_ObjetRamassableBase_Child3 SpatiallyLoaded:true EditorBounds:IsValid=true, Min=(X=226.464 Y=990.852 Z=-2.394), Max=(X=241.504 Y=1005.892 Z=46.805) RuntimeBounds:IsValid=true, Min=(X=226.464 Y=990.852 Z=-2.394), Max=(X=241.504 Y=1005.892 Z=46.805) RuntimeGrid:None EditorOnly:false RuntimeOnly:false HLODRelevant:false ListedInSceneOutliner:true IsMainWorldOnly:false
 |   |   |- [+] [  7]
 |   |   |   |- Guid:59B8F7F34A1F946265C70E97F130DF0F BaseClass:/Game/ActersInteragir/BP_LampeTorche.BP_LampeTorche_C NativeClass:/Script/Engine.Actor Name:BP_LampeTorche_C_UAID_04421A04EABFC69102_1080194463 Label:BP_LampeTorche SpatiallyLoaded:true EditorBounds:IsValid=true, Min=(X=1013.961 Y=1382.093 Z=0.000), Max=(X=1026.039 Y=1394.170 Z=60.375) RuntimeBounds:IsValid=true, Min=(X=1013.961 Y=1382.093 Z=0.000), Max=(X=1026.039 Y=1394.170 Z=60.375) RuntimeGrid:None EditorOnly:false RuntimeOnly:false HLODRelevant:false ListedInSceneOutliner:true IsMainWorldOnly:false
 |   |   |- [+] [  8]
 |   |   |   |- Guid:5A4E75A340C4D618840C09A78F509A57 NativeClass:/Script/Engine.PointLight Name:PointLight_UAID_581122DF1FCF919402_1609486308 Label:PointLight3 SpatiallyLoaded:true EditorBounds:IsValid=true, Min=(X=445.033 Y=138.459 Z=-720.000), Max=(X=2445.033 Y=2138.459 Z=1280.000) RuntimeBounds:IsValid=true, Min=(X=445.033 Y=138.459 Z=-720.000), Max=(X=2445.033 Y=2138.459 Z=1280.000) RuntimeGrid:None EditorOnly:false RuntimeOnly:false HLODRelevant:false ListedInSceneOutliner:true IsMainWorldOnly:false
 |   |   |- [+] [  9]
 |   |   |   |- Guid:5FE7584649BB6F09265329A6C57CFD0D NativeClass:/Script/Engine.VolumetricCloud Name:VolumetricCloud_0 Label:VolumetricCloud SpatiallyLoaded:false EditorBounds:IsValid=true, Min=(X=0.000 Y=0.000 Z=820.000), Max=(X=0.000 Y=0.000 Z=820.000) RuntimeBounds:IsValid=true, Min=(X=0.000 Y=0.000 Z=820.000), Max=(X=0.000 Y=0.000 Z=820.000) RuntimeGrid:None EditorOnly:false RuntimeOnly:false HLODRelevant:false ListedInSceneOutliner:true IsMainWorldOnly:false FolderPath:Lighting FolderGuid:0BA5F0A04EADB18E70D5B180D08FA34B
 |   |   |- [+] [ 10]
 |   |   |   |- Guid:61391D344900612A77DFC3BA3E354907 NativeClass:/Script/Engine.ExponentialHeightFog Name:ExponentialHeightFog_0 Label:ExponentialHeightFog SpatiallyLoaded:false EditorBounds:IsValid=true, Min=(X=-5728.000 Y=-178.000 Z=-6978.000), Max=(X=-5472.000 Y=78.000 Z=-6722.000) RuntimeBounds:IsValid=true, Min=(X=-5600.000 Y=-50.000 Z=-6850.000), Max=(X=-5600.000 Y=-50.000 Z=-6850.000) RuntimeGrid:None EditorOnly:false RuntimeOnly:false HLODRelevant:false ListedInSceneOutliner:true IsMainWorldOnly:false FolderPath:Lighting FolderGuid:0BA5F0A04EADB18E70D5B180D08FA34B
 |   |   |- [+] [ 11]
 |   |   |   |- Guid:639D3A07468520171E256AADA899F401 NativeClass:/Script/Engine.StaticMeshActor Name:StaticMeshActor_UAID_04421A04EABF389702_2082088809 Label:Box2 SpatiallyLoaded:true EditorBounds:IsValid=true, Min=(X=1645.000 Y=856.346 Z=-1.916), Max=(X=1745.000 Y=874.421 Z=98.084) RuntimeBounds:IsValid=true, Min=(X=1645.000 Y=856.346 Z=-1.916), Max=(X=1745.000 Y=874.421 Z=98.084) RuntimeGrid:None EditorOnly:false RuntimeOnly:false HLODRelevant:true ListedInSceneOutliner:true IsMainWorldOnly:false
 |   |   |- [+] [ 12]
 |   |   |   |- Guid:64C0E3E94568755FDE7D97856C3073FB NativeClass:/Script/Engine.PointLight Name:PointLight_UAID_04421A04EABFC79102_1835708911 Label:PointLight2 SpatiallyLoaded:true EditorBounds:IsValid=true, Min=(X=-590.000 Y=138.459 Z=-720.000), Max=(X=1410.000 Y=2138.459 Z=1280.000) RuntimeBounds:IsValid=true, Min=(X=-590.000 Y=138.459 Z=-720.000), Max=(X=1410.000 Y=2138.459 Z=1280.000) RuntimeGrid:None EditorOnly:false RuntimeOnly:false HLODRelevant:false ListedInSceneOutliner:true IsMainWorldOnly:false
 |   |   |- [+] [ 13]
 |   |   |   |- Guid:6BD52C0147BDB06D9B56D8A0CD36685C BaseClass:/Game/ENNEMY/maestro/BP_Maestro.BP_Maestro_C NativeClass:/Script/Engine.Character Name:BP_EnnemyBase_C_UAID_04421A04EABF109902_2123010882 Label:BP_EnnemyBase SpatiallyLoaded:true EditorBounds:IsValid=true, Min=(X=779.856 Y=396.168 Z=-830.768), Max=(X=2799.856 Y=2416.168 Z=1189.232) RuntimeBounds:IsValid=true, Min=(X=1502.814 Y=1237.890 Z=-12.397), Max=(X=2030.329 Y=1572.922 Z=394.026) RuntimeGrid:None EditorOnly:false RuntimeOnly:false HLODRelevant:false ListedInSceneOutliner:true IsMainWorldOnly:false
 |   |   |- [+] [ 14]
 |   |   |   |- Guid:6D1014FF45A9CD29EE2CCC9DF9CE14D2 NativeClass:/Script/Engine.StaticMeshActor Name:StaticMeshActor_UAID_581122DF1FCF419F02_1244159840 Label:Blockinf_map_1V2 SpatiallyLoaded:true EditorBounds:IsValid=true, Min=(X=-1209.364 Y=-2237.880 Z=-7.035), Max=(X=5911.430 Y=6583.242 Z=243.234) RuntimeBounds:IsValid=true, Min=(X=-1209.364 Y=-2237.880 Z=-7.035), Max=(X=5911.430 Y=6583.242 Z=243.234) RuntimeGrid:None EditorOnly:false RuntimeOnly:false HLODRelevant:true ListedInSceneOutliner:true IsMainWorldOnly:false
 |   |   |- [+] [ 15]
 |   |   |   |- Guid:6FEFB3BD4EB37B849EF0D4AC80F83855 NativeClass:/Script/Engine.WorldDataLayers Name:WorldDataLayers Label:WorldDataLayers SpatiallyLoaded:false EditorBounds:IsValid=true, Min=(X=0.000 Y=0.000 Z=0.000), Max=(X=0.000 Y=0.000 Z=0.000) RuntimeBounds:IsValid=true, Min=(X=0.000 Y=0.000 Z=0.000), Max=(X=0.000 Y=0.000 Z=0.000) RuntimeGrid:None EditorOnly:false RuntimeOnly:false HLODRelevant:false ListedInSceneOutliner:true IsMainWorldOnly:true
 |   |   |- [+] [ 16]
 |   |   |   |- Guid:78CAF7514C7533F30BD2F19A017AAB65 NativeClass:/Script/Engine.StaticMeshActor Name:StaticMeshActor_0 Label:SM_Cube SpatiallyLoaded:true EditorBounds:IsValid=true, Min=(X=-1850.915 Y=-2898.194 Z=-60.322), Max=(X=6939.520 Y=8182.647 Z=-5.660) RuntimeBounds:IsValid=true, Min=(X=-1850.915 Y=-2898.194 Z=-60.322), Max=(X=6939.520 Y=8182.647 Z=-5.660) RuntimeGrid:None EditorOnly:false RuntimeOnly:false HLODRelevant:true ListedInSceneOutliner:true IsMainWorldOnly:false FolderPath:Playground FolderGuid:6C02BB504B69D1F3D7A624B130C18E5B
 |   |   |- [+] [ 17]
 |   |   |   |- Guid:7E126E7C41325F575703C6B6E225643E BaseClass:/Game/ActersInteragir/Items/BP_ObjetRamassableBase.BP_ObjetRamassableBase_C NativeClass:/Script/Engine.Actor Name:BP_ObjetRamassableBase_C_UAID_581122DF1FCFF99802_1096175849 Label:BP_ObjetRamassableBase2 SpatiallyLoaded:true EditorBounds:IsValid=true, Min=(X=1673.384 Y=791.401 Z=30.328), Max=(X=1690.007 Y=798.423 Z=65.083) RuntimeBounds:IsValid=true, Min=(X=1673.384 Y=791.401 Z=30.328), Max=(X=1690.007 Y=798.423 Z=65.083) RuntimeGrid:None EditorOnly:false RuntimeOnly:false HLODRelevant:false ListedInSceneOutliner:true IsMainWorldOnly:false
 |   |   |- [+] [ 18]
 |   |   |   |- Guid:8281EE5D446A22A7DB3A9F97E6389D76 BaseClass:/Game/ActersInteragir/Tiroirs/BP_TiroirBase.BP_TiroirBase_C NativeClass:/Script/Engine.Actor Name:BP_TiroirBase_C_UAID_04421A04EABF399702_1594062997 Label:BP_TiroirBase SpatiallyLoaded:true EditorBounds:IsValid=true, Min=(X=1639.314 Y=774.023 Z=-37.421), Max=(X=1721.433 Y=858.756 Z=172.579) RuntimeBounds:IsValid=true, Min=(X=1639.314 Y=774.023 Z=12.820), Max=(X=1721.433 Y=858.756 Z=172.579) RuntimeGrid:None EditorOnly:false RuntimeOnly:false HLODRelevant:false ListedInSceneOutliner:true IsMainWorldOnly:false
 |   |   |- [+] [ 19]
 |   |   |   |- Guid:8C27E94147C707C8EEB80982EA1C023B BaseClass:/Game/ActersInteragir/Portes/BP_PorteBase.BP_PorteBase_C NativeClass:/Script/Engine.Actor Name:BP_PorteBase_C_UAID_581122DF1FCF8E9A02_1782381113 Label:BP_PorteBase SpatiallyLoaded:true EditorBounds:IsValid=true, Min=(X=653.992 Y=-1179.455 Z=-909.337), Max=(X=2678.162 Y=920.437 Z=1110.663) RuntimeBounds:IsValid=true, Min=(X=1425.360 Y=-281.828 Z=4.663), Max=(X=1906.793 Y=22.811 Z=273.192) RuntimeGrid:None EditorOnly:false RuntimeOnly:false HLODRelevant:false ListedInSceneOutliner:true IsMainWorldOnly:false
 |   |   |- [+] [ 20]
 |   |   |   |- Guid:9170E881434B1B470379D4988499C1A4 BaseClass:/Game/ActersInteragir/Items/Bouteilles/BP_Bouteille2.BP_Bouteille2_C NativeClass:/Script/Engine.Actor Name:BP_ObjetRamassableBase_Child3_C_UAID_04421A04EABFB49E02_1454274024 Label:BP_ObjetRamassableBase_Child4 SpatiallyLoaded:true EditorBounds:IsValid=true, Min=(X=225.529 Y=1117.716 Z=-2.394), Max=(X=240.569 Y=1132.756 Z=46.805) RuntimeBounds:IsValid=true, Min=(X=225.529 Y=1117.716 Z=-2.394), Max=(X=240.569 Y=1132.756 Z=46.805) RuntimeGrid:None EditorOnly:false RuntimeOnly:false HLODRelevant:false ListedInSceneOutliner:true IsMainWorldOnly:false
 |   |   |- [+] [ 21]
 |   |   |   |- Guid:A354B1B24E617A525DC6B48CCDE2417E NativeClass:/Script/Engine.PlayerStart Name:PlayerStart_0 Label:PlayerStart SpatiallyLoaded:false EditorBounds:IsValid=true, Min=(X=90.634 Y=617.546 Z=-49.764), Max=(X=418.077 Y=989.720 Z=206.236) RuntimeBounds:IsValid=true, Min=(X=163.182 Y=690.093 Z=-13.764), Max=(X=274.087 Y=800.998 Z=170.236) RuntimeGrid:None EditorOnly:false RuntimeOnly:false HLODRelevant:false ListedInSceneOutliner:true IsMainWorldOnly:false
 |   |   |- [+] [ 22]
 |   |   |   |- Guid:B2CFB042430B7F728B3989B411D93D49 BaseClass:/Game/ActersInteragir/cachettes/BP_CachetteBase.BP_CachetteBase_C NativeClass:/Script/Engine.Actor Name:BP_CachetteBase_C_UAID_581122DF1FCF8F9A02_1436250290 Label:BP_CachetteBase SpatiallyLoaded:true EditorBounds:IsValid=true, Min=(X=1126.553 Y=1567.861 Z=4.663), Max=(X=1757.953 Y=1744.315 Z=349.844) RuntimeBounds:IsValid=true, Min=(X=1126.553 Y=1567.861 Z=4.663), Max=(X=1757.953 Y=1744.315 Z=349.844) RuntimeGrid:None EditorOnly:false RuntimeOnly:false HLODRelevant:false ListedInSceneOutliner:true IsMainWorldOnly:false
 |   |   |- [+] [ 23]
 |   |   |   |- Guid:B46FF473473F6132299F749442FAF9AE BaseClass:/Game/ActersInteragir/Items/Bouteilles/BP_Bouteille2.BP_Bouteille2_C NativeClass:/Script/Engine.Actor Name:BP_ObjetRamassableBase_Child3_C_UAID_04421A04EABFB49E02_1455691025 Label:BP_ObjetRamassableBase_Child5 SpatiallyLoaded:true EditorBounds:IsValid=true, Min=(X=225.529 Y=1265.355 Z=-2.394), Max=(X=240.569 Y=1280.395 Z=46.805) RuntimeBounds:IsValid=true, Min=(X=225.529 Y=1265.355 Z=-2.394), Max=(X=240.569 Y=1280.395 Z=46.805) RuntimeGrid:None EditorOnly:false RuntimeOnly:false HLODRelevant:false ListedInSceneOutliner:true IsMainWorldOnly:false
 |   |   |- [+] [ 24]
 |   |   |   |- Guid:BD44C7214918983D525BE5A02E425ACA NativeClass:/Script/Engine.StaticMeshActor Name:StaticMeshActor_UAID_04421A04EABF389702_2110495810 Label:Box3 SpatiallyLoaded:true EditorBounds:IsValid=true, Min=(X=1645.409 Y=765.589 Z=-0.000), Max=(X=1745.409 Y=869.039 Z=65.850) RuntimeBounds:IsValid=true, Min=(X=1645.409 Y=765.589 Z=-0.000), Max=(X=1745.409 Y=869.039 Z=65.850) RuntimeGrid:None EditorOnly:false RuntimeOnly:false HLODRelevant:true ListedInSceneOutliner:true IsMainWorldOnly:false
 |   |   |- [+] [ 25]
 |   |   |   |- Guid:C0C56B9644AE3D40CAFF6A878DB29844 NativeClass:/Script/Engine.StaticMeshActor Name:StaticMeshActor_UAID_A4AE111137DC5EFB00_2001720423 Label:SM_SkySphere SpatiallyLoaded:false EditorBounds:IsValid=true, Min=(X=-1638400.000 Y=-1638400.000 Z=-1638400.000), Max=(X=1638400.000 Y=1638400.000 Z=1638400.000) RuntimeBounds:IsValid=true, Min=(X=-1638400.000 Y=-1638400.000 Z=-1638400.000), Max=(X=1638400.000 Y=1638400.000 Z=1638400.000) RuntimeGrid:None EditorOnly:false RuntimeOnly:false HLODRelevant:true ListedInSceneOutliner:true IsMainWorldOnly:false FolderPath:Lighting FolderGuid:0BA5F0A04EADB18E70D5B180D08FA34B
 |   |   |- [+] [ 26]
 |   |   |   |- Guid:C22CE07C4B87D685137FDBBC10FC92C6 NativeClass:/Script/Engine.SkyAtmosphere Name:SkyAtmosphere_0 Label:SkyAtmosphere SpatiallyLoaded:false EditorBounds:IsValid=true, Min=(X=0.000 Y=0.000 Z=1020.000), Max=(X=0.000 Y=0.000 Z=1020.000) RuntimeBounds:IsValid=true, Min=(X=0.000 Y=0.000 Z=1020.000), Max=(X=0.000 Y=0.000 Z=1020.000) RuntimeGrid:None EditorOnly:false RuntimeOnly:false HLODRelevant:false ListedInSceneOutliner:true IsMainWorldOnly:false FolderPath:Lighting FolderGuid:0BA5F0A04EADB18E70D5B180D08FA34B
 |   |   |- [+] [ 27]
 |   |   |   |- Guid:C74CAFDC45DA2E8DF9AFEA86C266A006 BaseClass:/Game/Decor/SolBruyant/BP_SolBruyantBase.BP_SolBruyantBase_C NativeClass:/Script/Engine.Actor Name:BP_SolBruyantBase_C_UAID_04421A04EABF849502_1838777071 Label:BP_SolBruyantBase SpatiallyLoaded:true EditorBounds:IsValid=true, Min=(X=1088.928 Y=1165.053 Z=-17.929), Max=(X=1491.992 Y=1567.312 Z=3.906) RuntimeBounds:IsValid=true, Min=(X=1088.928 Y=1165.053 Z=-17.929), Max=(X=1491.992 Y=1567.312 Z=3.906) RuntimeGrid:None EditorOnly:false RuntimeOnly:false HLODRelevant:false ListedInSceneOutliner:true IsMainWorldOnly:false
 |   |   |- [+] [ 28]
 |   |   |   |- Guid:CE8D82634660FCDB3120E2B8D547C533 NativeClass:/Script/Engine.PostProcessVolume Name:PostProcessVolume_0 Label:PostProcessVolume SpatiallyLoaded:false EditorBounds:IsValid=true, Min=(X=0.000 Y=0.000 Z=400.000), Max=(X=200.000 Y=200.000 Z=600.000) RuntimeBounds:IsValid=true, Min=(X=0.000 Y=0.000 Z=400.000), Max=(X=200.000 Y=200.000 Z=600.000) RuntimeGrid:None EditorOnly:false RuntimeOnly:false HLODRelevant:false ListedInSceneOutliner:true IsMainWorldOnly:false FolderPath:Lighting FolderGuid:0BA5F0A04EADB18E70D5B180D08FA34B
 |   |   |- [+] [ 29]
 |   |   |   |- Guid:FEBB7C08443D5FD25C19ED9E7235F71E NativeClass:/Script/NavigationSystem.NavMeshBoundsVolume Name:NavMeshBoundsVolume_UAID_581122DF1FCF4E9902_2088387794 Label:NavMeshBoundsVolume SpatiallyLoaded:false EditorBounds:IsValid=true, Min=(X=-1851.722 Y=-3329.841 Z=-1970.108), Max=(X=7147.298 Y=8213.927 Z=2029.892) RuntimeBounds:IsValid=true, Min=(X=-1851.722 Y=-3329.841 Z=-1970.108), Max=(X=7147.298 Y=8213.927 Z=2029.892) RuntimeGrid:None EditorOnly:false RuntimeOnly:false HLODRelevant:false ListedInSceneOutliner:true IsMainWorldOnly:false
 |- ContainerInstances:
 |- [+] MainContainer:
 |   |-        ID: 00000000000000000000000000000000
 |   |-  ParentID: 00000000000000000000000000000000
 |   |-    Bounds: IsValid=false, Min=(X=0.000 Y=0.000 Z=0.000), Max=(X=0.000 Y=0.000 Z=0.000)
 |   |- Transform: 0.000000,0.000000,0.000000|0.000000,0.000000,-0.000000|1.000000,1.000000,1.000000
 |   |- Container: /Game/FirstPerson/Maps/FirstPersonMap
----------------------------------------------------------------------------------------------------------------
FirstPersonMap - Persistent Level
----------------------------------------------------------------------------------------------------------------
[+] Content of FirstPersonMap Persistent Level
 |- Always loaded Actor Count: 30 
 |- Actor Path: /Game/FirstPerson/Maps/FirstPersonMap.FirstPersonMap:PersistentLevel.BP_CachetteBase_C_UAID_581122DF1FCF8F9A02_1436250290
 |- Actor Package: /Game/__ExternalActors__/FirstPerson/Maps/FirstPersonMap/2/XF/Y8MZXRYABPZGKBQ38L97C4
 |- Actor Path: /Game/FirstPerson/Maps/FirstPersonMap.FirstPersonMap:PersistentLevel.BP_EnnemyBase_C_UAID_04421A04EABF109902_2123010882
 |- Actor Package: /Game/__ExternalActors__/FirstPerson/Maps/FirstPersonMap/2/O2/B56ZZ03OGLS87MR8GP5EDA
 |- Actor Path: /Game/FirstPerson/Maps/FirstPersonMap.FirstPersonMap:PersistentLevel.BP_LampeTorche_C_UAID_04421A04EABFC69102_1080194463
 |- Actor Package: /Game/__ExternalActors__/FirstPerson/Maps/FirstPersonMap/B/58/WEBCPJP358W7K0ZZFWWVB0
 |- Actor Path: /Game/FirstPerson/Maps/FirstPersonMap.FirstPersonMap:PersistentLevel.BP_ObjetRamassableBase_C_UAID_581122DF1FCFF99802_1096175849
 |- Actor Package: /Game/__ExternalActors__/FirstPerson/Maps/FirstPersonMap/1/WD/05W7NPJ42RZMR5XTO5XD47
 |- Actor Path: /Game/FirstPerson/Maps/FirstPersonMap.FirstPersonMap:PersistentLevel.BP_ObjetRamassableBase_Child3_C_UAID_04421A04EABFB49E02_1454274024
 |- Actor Package: /Game/__ExternalActors__/FirstPerson/Maps/FirstPersonMap/8/U3/UGCQRFTB1OK2BI9OKLBGKW
 |- Actor Path: /Game/FirstPerson/Maps/FirstPersonMap.FirstPersonMap:PersistentLevel.BP_ObjetRamassableBase_Child3_C_UAID_04421A04EABFB49E02_1455691025
 |- Actor Package: /Game/__ExternalActors__/FirstPerson/Maps/FirstPersonMap/4/UM/Y4U9368J9IH5CCTJMAQWZQ
 |- Actor Path: /Game/FirstPerson/Maps/FirstPersonMap.FirstPersonMap:PersistentLevel.BP_ObjetRamassableBase_Child3_C_UAID_581122DF1FCF879402_1793307547
 |- Actor Package: /Game/__ExternalActors__/FirstPerson/Maps/FirstPersonMap/4/VM/XECGOWTUW1AXSXQ7T8IXRN
 |- Actor Path: /Game/FirstPerson/Maps/FirstPersonMap.FirstPersonMap:PersistentLevel.BP_PorteBase_C_UAID_581122DF1FCF8E9A02_1782381113
 |- Actor Package: /Game/__ExternalActors__/FirstPerson/Maps/FirstPersonMap/3/W2/EAR8XEDAC9IA6KRO07XBO7
 |- Actor Path: /Game/FirstPerson/Maps/FirstPersonMap.FirstPersonMap:PersistentLevel.BP_SolBruyantBase_C_UAID_04421A04EABF849502_1838777071
 |- Actor Package: /Game/__ExternalActors__/FirstPerson/Maps/FirstPersonMap/A/GD/KCHM28QZWEJBXEZLBW8YY4
 |- Actor Path: /Game/FirstPerson/Maps/FirstPersonMap.FirstPersonMap:PersistentLevel.BP_TiroirBase_C_UAID_04421A04EABF399702_1594062997
 |- Actor Package: /Game/__ExternalActors__/FirstPerson/Maps/FirstPersonMap/C/NY/ZV53C9XJ1667AWONU49KE5
 |- Actor Path: /Game/FirstPerson/Maps/FirstPersonMap.FirstPersonMap:PersistentLevel.ExponentialHeightFog_0
 |- Actor Package: /Game/__ExternalActors__/FirstPerson/Maps/FirstPersonMap/0/CL/381LM03PFI8AF9NED1SEV2
 |- Actor Path: /Game/FirstPerson/Maps/FirstPersonMap.FirstPersonMap:PersistentLevel.NavMeshBoundsVolume_UAID_581122DF1FCF4E9902_2088387794
 |- Actor Package: /Game/__ExternalActors__/FirstPerson/Maps/FirstPersonMap/3/3Q/E3I8NMP0PBWS57HUV9J1HM
 |- Actor Path: /Game/FirstPerson/Maps/FirstPersonMap.FirstPersonMap:PersistentLevel.PlayerStart_0
 |- Actor Package: /Game/__ExternalActors__/FirstPerson/Maps/FirstPersonMap/8/Z7/W1SXRCM1KAKBJOIZDLHZ47
 |- Actor Path: /Game/FirstPerson/Maps/FirstPersonMap.FirstPersonMap:PersistentLevel.PointLight_UAID_04421A04EABFC79102_1835708911
 |- Actor Package: /Game/__ExternalActors__/FirstPerson/Maps/FirstPersonMap/9/0Z/D3P3LVQZ22RX8V4ZM2NCH0
 |- Actor Path: /Game/FirstPerson/Maps/FirstPersonMap.FirstPersonMap:PersistentLevel.PointLight_UAID_04421A04EABFD29002_1338609521
 |- Actor Package: /Game/__ExternalActors__/FirstPerson/Maps/FirstPersonMap/E/BH/ZJNX3JTOQ0C3XM5OWFJ5UW
 |- Actor Path: /Game/FirstPerson/Maps/FirstPersonMap.FirstPersonMap:PersistentLevel.PointLight_UAID_581122DF1FCF4B9902_1423867263
 |- Actor Package: /Game/__ExternalActors__/FirstPerson/Maps/FirstPersonMap/C/TL/FRHNMCZVA7X2B4EWBLUNQT
 |- Actor Path: /Game/FirstPerson/Maps/FirstPersonMap.FirstPersonMap:PersistentLevel.PointLight_UAID_581122DF1FCF919402_1609486308
 |- Actor Package: /Game/__ExternalActors__/FirstPerson/Maps/FirstPersonMap/D/HL/3NLJQ2GE2NCY6L27TEL7DY
 |- Actor Path: /Game/FirstPerson/Maps/FirstPersonMap.FirstPersonMap:PersistentLevel.PointLight_UAID_581122DF1FCF919402_1613062309
 |- Actor Package: /Game/__ExternalActors__/FirstPerson/Maps/FirstPersonMap/0/RE/9MNE3AVSF1B2H4WURE5IF5
 |- Actor Path: /Game/FirstPerson/Maps/FirstPersonMap.FirstPersonMap:PersistentLevel.PostProcessVolume_0
 |- Actor Package: /Game/__ExternalActors__/FirstPerson/Maps/FirstPersonMap/E/MX/R1GV431P5FDO08OFULRA01
 |- Actor Path: /Game/FirstPerson/Maps/FirstPersonMap.FirstPersonMap:PersistentLevel.RecastNavMesh_UAID_581122DF1FCF309F02-Default
 |- Actor Package: /Game/__ExternalActors__/FirstPerson/Maps/FirstPersonMap/1/64/YI9WGYD8022F1S4AOV8LRQ
 |- Actor Path: /Game/FirstPerson/Maps/FirstPersonMap.FirstPersonMap:PersistentLevel.SkyAtmosphere_0
 |- Actor Package: /Game/__ExternalActors__/FirstPerson/Maps/FirstPersonMap/C/VO/VMN4G7K3NKKV6F8HTPHHDB
 |- Actor Path: /Game/FirstPerson/Maps/FirstPersonMap.FirstPersonMap:PersistentLevel.StaticMeshActor_0
 |- Actor Package: /Game/__ExternalActors__/FirstPerson/Maps/FirstPersonMap/7/L5/1ZJ54FMA0DAL3I2Q8RFAIB
 |- Actor Path: /Game/FirstPerson/Maps/FirstPersonMap.FirstPersonMap:PersistentLevel.StaticMeshActor_UAID_04421A04EABF389702_2080162808
 |- Actor Package: /Game/__ExternalActors__/FirstPerson/Maps/FirstPersonMap/6/P0/ODCF3DZDO45P8AJD8BJOP9
 |- Actor Path: /Game/FirstPerson/Maps/FirstPersonMap.FirstPersonMap:PersistentLevel.StaticMeshActor_UAID_04421A04EABF389702_2082088809
 |- Actor Package: /Game/__ExternalActors__/FirstPerson/Maps/FirstPersonMap/E/UF/MECAIZSVKUDG33LLSOAG6L
 |- Actor Path: /Game/FirstPerson/Maps/FirstPersonMap.FirstPersonMap:PersistentLevel.StaticMeshActor_UAID_04421A04EABF389702_2110495810
 |- Actor Package: /Game/__ExternalActors__/FirstPerson/Maps/FirstPersonMap/A/H5/90Y3KPESNV7LU7ZF7CH1V9
 |- Actor Path: /Game/FirstPerson/Maps/FirstPersonMap.FirstPersonMap:PersistentLevel.StaticMeshActor_UAID_04421A04EABF389702_2131058811
 |- Actor Package: /Game/__ExternalActors__/FirstPerson/Maps/FirstPersonMap/A/RB/D7LFPEH2WMSEGLXS6GQAY5
 |- Actor Path: /Game/FirstPerson/Maps/FirstPersonMap.FirstPersonMap:PersistentLevel.StaticMeshActor_UAID_581122DF1FCF419F02_1244159840
 |- Actor Package: /Game/__ExternalActors__/FirstPerson/Maps/FirstPersonMap/D/GH/YIXFMB9AJEH5VBF253KSUA
 |- Actor Path: /Game/FirstPerson/Maps/FirstPersonMap.FirstPersonMap:PersistentLevel.StaticMeshActor_UAID_A4AE111137DC5EFB00_2001720423
 |- Actor Package: /Game/__ExternalActors__/FirstPerson/Maps/FirstPersonMap/C/ZU/PDQ0AB8RLNMVID876FD49G
 |- Actor Path: /Game/FirstPerson/Maps/FirstPersonMap.FirstPersonMap:PersistentLevel.VolumetricCloud_0
 |- Actor Package: /Game/__ExternalActors__/FirstPerson/Maps/FirstPersonMap/0/GO/I8WEFD3RY9V3NVQLSU6QM4
 |- Actor Path: /Game/FirstPerson/Maps/FirstPersonMap.FirstPersonMap:PersistentLevel.WorldDataLayers
 |- Actor Package: /Game/__ExternalActors__/FirstPerson/Maps/FirstPersonMap/D/0W/E1FKEGVKGOLM7HGLQPCIPO

----------------------------------------------------------------------------------------------------------------
FirstPersonMap - Runtime Hash Set
----------------------------------------------------------------------------------------------------------------

